<?xml version="1.0" encoding="UTF-8"?>
<robot generator="Robot 4.0.1 (Python 3.9.4 on win32)" generated="20210514 10:15:56.756" rpa="false" schemaversion="2">
<suite id="s1" name="Tests" source="C:\Users\jamin\PycharmProjects\ohjelmistokehitys_seminaari\Tests">
<suite id="s1-s1" name="1Creating Questionnaire" source="C:\Users\jamin\PycharmProjects\ohjelmistokehitys_seminaari\Tests\1creating_questionnaire.robot">
<test id="s1-s1-t1" name="Creating Questionnaire">
<kw name="Starting Backend Side" library="common_functionalities" type="SETUP">
<kw name="Open Browser" library="SeleniumLibrary">
<arg>https://ohp20kysely.herokuapp.com/</arg>
<arg>chrome</arg>
<doc>Opens a new browser instance to the optional ``url``.</doc>
<msg timestamp="20210514 10:15:57.011" level="INFO">Opening browser 'chrome' to base url 'https://ohp20kysely.herokuapp.com/'.</msg>
<status status="PASS" starttime="20210514 10:15:57.011" endtime="20210514 10:15:58.871"/>
</kw>
<kw name="Maximize Browser Window" library="SeleniumLibrary">
<doc>Maximizes current browser window.</doc>
<status status="PASS" starttime="20210514 10:15:58.872" endtime="20210514 10:15:58.994"/>
</kw>
<kw name="Wait Until Page Contains Element" library="SeleniumLibrary">
<arg>xpath:/html/body/div/table/tbody/tr[4]/td[2]</arg>
<doc>Waits until the element ``locator`` appears on the current page.</doc>
<status status="PASS" starttime="20210514 10:15:58.995" endtime="20210514 10:15:59.030"/>
</kw>
<status status="PASS" starttime="20210514 10:15:57.011" endtime="20210514 10:15:59.030"/>
</kw>
<kw name="Press &quot;Add questionnaire&quot; button">
<kw name="Click Link" library="SeleniumLibrary">
<arg>xpath:/html/body/div/a</arg>
<doc>Clicks a link identified by ``locator``.</doc>
<msg timestamp="20210514 10:15:59.031" level="INFO">Clicking link 'xpath:/html/body/div/a'.</msg>
<status status="PASS" starttime="20210514 10:15:59.031" endtime="20210514 10:15:59.202"/>
</kw>
<kw name="Wait Until Page Contains Element" library="SeleniumLibrary">
<arg>xpath:/html/body/div/h1</arg>
<doc>Waits until the element ``locator`` appears on the current page.</doc>
<status status="PASS" starttime="20210514 10:15:59.203" endtime="20210514 10:15:59.223"/>
</kw>
<status status="PASS" starttime="20210514 10:15:59.031" endtime="20210514 10:15:59.223"/>
</kw>
<kw name="Insert Input To Title And Description">
<kw name="Input Text" library="SeleniumLibrary">
<arg>xpath://*[@id="title"]</arg>
<arg>Testi</arg>
<doc>Types the given ``text`` into the text field identified by ``locator``.</doc>
<msg timestamp="20210514 10:15:59.225" level="INFO">Typing text 'Testi' into text field 'xpath://*[@id="title"]'.</msg>
<status status="PASS" starttime="20210514 10:15:59.225" endtime="20210514 10:15:59.333"/>
</kw>
<kw name="Input Text" library="SeleniumLibrary">
<arg>xpath://*[@id="description"]</arg>
<arg>Testi testi</arg>
<doc>Types the given ``text`` into the text field identified by ``locator``.</doc>
<msg timestamp="20210514 10:15:59.333" level="INFO">Typing text 'Testi testi' into text field 'xpath://*[@id="description"]'.</msg>
<status status="PASS" starttime="20210514 10:15:59.333" endtime="20210514 10:15:59.412"/>
</kw>
<kw name="Press Keys" library="SeleniumLibrary">
<arg>xpath:/html/body/div/form/input</arg>
<arg>RETURN</arg>
<doc>Simulates the user pressing key(s) to an element or on the active browser.</doc>
<msg timestamp="20210514 10:15:59.413" level="INFO">Sending key(s) ('RETURN',) to xpath:/html/body/div/form/input element.</msg>
<msg timestamp="20210514 10:15:59.896" level="INFO">Pressing special key RETURN to element.</msg>
<msg timestamp="20210514 10:15:59.896" level="INFO">Releasing special key RETURN.</msg>
<status status="PASS" starttime="20210514 10:15:59.412" endtime="20210514 10:15:59.910"/>
</kw>
<status status="PASS" starttime="20210514 10:15:59.224" endtime="20210514 10:15:59.910"/>
</kw>
<kw name="Check If The Questionnaire Is On The List">
<kw name="Wait Until Page Contains Element" library="SeleniumLibrary">
<arg>xpath:/html/body/div/h1</arg>
<doc>Waits until the element ``locator`` appears on the current page.</doc>
<status status="PASS" starttime="20210514 10:15:59.911" endtime="20210514 10:15:59.919"/>
</kw>
<kw name="Page Should Contain" library="SeleniumLibrary">
<arg>Testi</arg>
<doc>Verifies that current page contains ``text``.</doc>
<msg timestamp="20210514 10:15:59.931" level="INFO">Current page contains text 'Testi'.</msg>
<status status="PASS" starttime="20210514 10:15:59.919" endtime="20210514 10:15:59.932"/>
</kw>
<status status="PASS" starttime="20210514 10:15:59.911" endtime="20210514 10:15:59.932"/>
</kw>
<kw name="Go To Frontend side" library="common_functionalities">
<kw name="Go To" library="SeleniumLibrary">
<arg>https://ohp-20kysely-frontend.herokuapp.com/</arg>
<doc>Navigates the current browser window to the provided ``url``.</doc>
<msg timestamp="20210514 10:15:59.932" level="INFO">Opening url 'https://ohp-20kysely-frontend.herokuapp.com/'</msg>
<status status="PASS" starttime="20210514 10:15:59.932" endtime="20210514 10:16:00.719"/>
</kw>
<kw name="Wait Until Page Contains Element" library="SeleniumLibrary">
<arg>xpath://*[@id="root"]/div/header/div/a[1]/h5</arg>
<doc>Waits until the element ``locator`` appears on the current page.</doc>
<status status="PASS" starttime="20210514 10:16:00.719" endtime="20210514 10:16:00.735"/>
</kw>
<status status="PASS" starttime="20210514 10:15:59.932" endtime="20210514 10:16:00.735"/>
</kw>
<kw name="Check If Made Questionnaire Is On The Page">
<kw name="Wait Until Page Contains Element" library="SeleniumLibrary">
<arg>xpath://*[@id="root"]/div/div/div[3]/div/a/h3</arg>
<doc>Waits until the element ``locator`` appears on the current page.</doc>
<status status="PASS" starttime="20210514 10:16:00.736" endtime="20210514 10:16:00.965"/>
</kw>
<kw name="Page Should Contain" library="SeleniumLibrary">
<arg>Testi</arg>
<doc>Verifies that current page contains ``text``.</doc>
<msg timestamp="20210514 10:16:00.972" level="INFO">Current page contains text 'Testi'.</msg>
<status status="PASS" starttime="20210514 10:16:00.965" endtime="20210514 10:16:00.972"/>
</kw>
<status status="PASS" starttime="20210514 10:16:00.736" endtime="20210514 10:16:00.972"/>
</kw>
<kw name="Click The Test Questionnaire">
<kw name="Click Element" library="SeleniumLibrary">
<arg>xpath://*[@id="root"]/div/div/div[4]/div/a/h3</arg>
<doc>Click the element identified by ``locator``.</doc>
<msg timestamp="20210514 10:16:00.972" level="INFO">Clicking element 'xpath://*[@id="root"]/div/div/div[4]/div/a/h3'.</msg>
<status status="PASS" starttime="20210514 10:16:00.972" endtime="20210514 10:16:01.048"/>
</kw>
<status status="PASS" starttime="20210514 10:16:00.972" endtime="20210514 10:16:01.049"/>
</kw>
<kw name="Return To Main Page">
<kw name="Wait Until Page Contains Element" library="SeleniumLibrary">
<arg>xpath://*[@id="root"]/div/div/div/div/form/button/span[1]</arg>
<doc>Waits until the element ``locator`` appears on the current page.</doc>
<status status="PASS" starttime="20210514 10:16:01.050" endtime="20210514 10:16:01.261"/>
</kw>
<kw name="Click Element" library="SeleniumLibrary">
<arg>xpath://*[@id="root"]/div/header/div/a[2]/h6</arg>
<doc>Click the element identified by ``locator``.</doc>
<msg timestamp="20210514 10:16:01.261" level="INFO">Clicking element 'xpath://*[@id="root"]/div/header/div/a[2]/h6'.</msg>
<status status="PASS" starttime="20210514 10:16:01.261" endtime="20210514 10:16:01.308"/>
</kw>
<status status="PASS" starttime="20210514 10:16:01.050" endtime="20210514 10:16:01.309"/>
</kw>
<kw name="Finish Testcase" library="common_functionalities" type="TEARDOWN">
<kw name="Close Browser" library="SeleniumLibrary">
<doc>Closes the current browser.</doc>
<status status="PASS" starttime="20210514 10:16:01.309" endtime="20210514 10:16:03.592"/>
</kw>
<status status="PASS" starttime="20210514 10:16:01.309" endtime="20210514 10:16:03.592"/>
</kw>
<doc>Creating Questionnaire and Checking it</doc>
<tag>Functional</tag>
<status status="PASS" starttime="20210514 10:15:57.004" endtime="20210514 10:16:03.592"/>
</test>
<doc>Creating Questionnaire and Checking it</doc>
<status status="PASS" starttime="20210514 10:15:56.791" endtime="20210514 10:16:03.592"/>
</suite>
<suite id="s1-s2" name="2Creating Questions For Questionnaire" source="C:\Users\jamin\PycharmProjects\ohjelmistokehitys_seminaari\Tests\2creating_questions_for_questionnaire.robot">
<test id="s1-s2-t1" name="Creating Questions">
<kw name="Starting Backend Side" library="common_functionalities" type="SETUP">
<kw name="Open Browser" library="SeleniumLibrary">
<arg>https://ohp20kysely.herokuapp.com/</arg>
<arg>chrome</arg>
<doc>Opens a new browser instance to the optional ``url``.</doc>
<msg timestamp="20210514 10:16:03.602" level="INFO">Opening browser 'chrome' to base url 'https://ohp20kysely.herokuapp.com/'.</msg>
<status status="PASS" starttime="20210514 10:16:03.602" endtime="20210514 10:16:05.473"/>
</kw>
<kw name="Maximize Browser Window" library="SeleniumLibrary">
<doc>Maximizes current browser window.</doc>
<status status="PASS" starttime="20210514 10:16:05.474" endtime="20210514 10:16:05.604"/>
</kw>
<kw name="Wait Until Page Contains Element" library="SeleniumLibrary">
<arg>xpath:/html/body/div/table/tbody/tr[4]/td[2]</arg>
<doc>Waits until the element ``locator`` appears on the current page.</doc>
<status status="PASS" starttime="20210514 10:16:05.604" endtime="20210514 10:16:05.626"/>
</kw>
<status status="PASS" starttime="20210514 10:16:03.602" endtime="20210514 10:16:05.626"/>
</kw>
<kw name="Click &quot;Testi&quot; Questionnaire &quot;Show Questions&quot;" library="common_functionalities">
<kw name="Click Element" library="SeleniumLibrary">
<arg>xpath:/html/body/div/table/tbody/tr[5]/td[4]/a</arg>
<doc>Click the element identified by ``locator``.</doc>
<msg timestamp="20210514 10:16:05.629" level="INFO">Clicking element 'xpath:/html/body/div/table/tbody/tr[5]/td[4]/a'.</msg>
<status status="PASS" starttime="20210514 10:16:05.628" endtime="20210514 10:16:05.782"/>
</kw>
<status status="PASS" starttime="20210514 10:16:05.628" endtime="20210514 10:16:05.782"/>
</kw>
<kw name="Press &quot;Add New Question&quot; button" library="common_functionalities">
<kw name="Wait Until Page Contains Element" library="SeleniumLibrary">
<arg>xpath:/html/body/div/a[2]</arg>
<doc>Waits until the element ``locator`` appears on the current page.</doc>
<status status="PASS" starttime="20210514 10:16:05.783" endtime="20210514 10:16:05.799"/>
</kw>
<kw name="Click Element" library="SeleniumLibrary">
<arg>xpath:/html/body/div/a[1]</arg>
<doc>Click the element identified by ``locator``.</doc>
<msg timestamp="20210514 10:16:05.799" level="INFO">Clicking element 'xpath:/html/body/div/a[1]'.</msg>
<status status="PASS" starttime="20210514 10:16:05.799" endtime="20210514 10:16:05.962"/>
</kw>
<status status="PASS" starttime="20210514 10:16:05.783" endtime="20210514 10:16:05.963"/>
</kw>
<kw name="Add Text Yes Required Question">
<kw name="Wait Until Page Contains Element" library="SeleniumLibrary">
<arg>xpath:/html/body/div/a</arg>
<doc>Waits until the element ``locator`` appears on the current page.</doc>
<status status="PASS" starttime="20210514 10:16:05.964" endtime="20210514 10:16:05.978"/>
</kw>
<kw name="Input Text" library="SeleniumLibrary">
<arg>xpath://*[@id="content"]</arg>
<arg>Testi kysymys1</arg>
<doc>Types the given ``text`` into the text field identified by ``locator``.</doc>
<msg timestamp="20210514 10:16:05.979" level="INFO">Typing text 'Testi kysymys1' into text field 'xpath://*[@id="content"]'.</msg>
<status status="PASS" starttime="20210514 10:16:05.979" endtime="20210514 10:16:06.063"/>
</kw>
<kw name="Click Element" library="SeleniumLibrary">
<arg>xpath:/html/body/div/form/div/div[2]/select</arg>
<doc>Click the element identified by ``locator``.</doc>
<msg timestamp="20210514 10:16:06.063" level="INFO">Clicking element 'xpath:/html/body/div/form/div/div[2]/select'.</msg>
<status status="PASS" starttime="20210514 10:16:06.063" endtime="20210514 10:16:06.122"/>
</kw>
<kw name="Sleep" library="BuiltIn">
<arg>1s</arg>
<doc>Pauses the test executed for the given time.</doc>
<msg timestamp="20210514 10:16:07.142" level="INFO">Slept 1 second</msg>
<status status="PASS" starttime="20210514 10:16:06.122" endtime="20210514 10:16:07.142"/>
</kw>
<kw name="Click Element" library="SeleniumLibrary">
<arg>xpath:/html/body/div/form/div/div[2]/select/option[1]</arg>
<doc>Click the element identified by ``locator``.</doc>
<msg timestamp="20210514 10:16:07.144" level="INFO">Clicking element 'xpath:/html/body/div/form/div/div[2]/select/option[1]'.</msg>
<status status="PASS" starttime="20210514 10:16:07.142" endtime="20210514 10:16:07.191"/>
</kw>
<kw name="Click Element" library="SeleniumLibrary">
<arg>xpath://*[@id="isRequired1"]</arg>
<doc>Click the element identified by ``locator``.</doc>
<msg timestamp="20210514 10:16:07.191" level="INFO">Clicking element 'xpath://*[@id="isRequired1"]'.</msg>
<status status="PASS" starttime="20210514 10:16:07.191" endtime="20210514 10:16:07.255"/>
</kw>
<kw name="Click Button" library="SeleniumLibrary">
<arg>xpath:/html/body/div/form/input[2]</arg>
<doc>Clicks the button identified by ``locator``.</doc>
<msg timestamp="20210514 10:16:07.255" level="INFO">Clicking button 'xpath:/html/body/div/form/input[2]'.</msg>
<status status="PASS" starttime="20210514 10:16:07.255" endtime="20210514 10:16:07.470"/>
</kw>
<kw name="Page Should Contain" library="SeleniumLibrary">
<arg>Testi kysymys1</arg>
<doc>Verifies that current page contains ``text``.</doc>
<msg timestamp="20210514 10:16:07.494" level="INFO">Current page contains text 'Testi kysymys1'.</msg>
<status status="PASS" starttime="20210514 10:16:07.470" endtime="20210514 10:16:07.494"/>
</kw>
<status status="PASS" starttime="20210514 10:16:05.963" endtime="20210514 10:16:07.494"/>
</kw>
<kw name="Press &quot;Add New Question&quot; button" library="common_functionalities">
<kw name="Wait Until Page Contains Element" library="SeleniumLibrary">
<arg>xpath:/html/body/div/a[2]</arg>
<doc>Waits until the element ``locator`` appears on the current page.</doc>
<status status="PASS" starttime="20210514 10:16:07.495" endtime="20210514 10:16:07.501"/>
</kw>
<kw name="Click Element" library="SeleniumLibrary">
<arg>xpath:/html/body/div/a[1]</arg>
<doc>Click the element identified by ``locator``.</doc>
<msg timestamp="20210514 10:16:07.501" level="INFO">Clicking element 'xpath:/html/body/div/a[1]'.</msg>
<status status="PASS" starttime="20210514 10:16:07.501" endtime="20210514 10:16:07.629"/>
</kw>
<status status="PASS" starttime="20210514 10:16:07.495" endtime="20210514 10:16:07.630"/>
</kw>
<kw name="Add Text No Required Question">
<kw name="Wait Until Page Contains Element" library="SeleniumLibrary">
<arg>xpath:/html/body/div/a</arg>
<doc>Waits until the element ``locator`` appears on the current page.</doc>
<status status="PASS" starttime="20210514 10:16:07.631" endtime="20210514 10:16:07.644"/>
</kw>
<kw name="Input Text" library="SeleniumLibrary">
<arg>xpath://*[@id="content"]</arg>
<arg>Testi kysymys2</arg>
<doc>Types the given ``text`` into the text field identified by ``locator``.</doc>
<msg timestamp="20210514 10:16:07.644" level="INFO">Typing text 'Testi kysymys2' into text field 'xpath://*[@id="content"]'.</msg>
<status status="PASS" starttime="20210514 10:16:07.644" endtime="20210514 10:16:07.711"/>
</kw>
<kw name="Click Element" library="SeleniumLibrary">
<arg>xpath:/html/body/div/form/div/div[2]/select</arg>
<doc>Click the element identified by ``locator``.</doc>
<msg timestamp="20210514 10:16:07.711" level="INFO">Clicking element 'xpath:/html/body/div/form/div/div[2]/select'.</msg>
<status status="PASS" starttime="20210514 10:16:07.711" endtime="20210514 10:16:07.773"/>
</kw>
<kw name="Sleep" library="BuiltIn">
<arg>1s</arg>
<doc>Pauses the test executed for the given time.</doc>
<msg timestamp="20210514 10:16:08.792" level="INFO">Slept 1 second</msg>
<status status="PASS" starttime="20210514 10:16:07.773" endtime="20210514 10:16:08.792"/>
</kw>
<kw name="Click Element" library="SeleniumLibrary">
<arg>xpath:/html/body/div/form/div/div[2]/select/option[1]</arg>
<doc>Click the element identified by ``locator``.</doc>
<msg timestamp="20210514 10:16:08.792" level="INFO">Clicking element 'xpath:/html/body/div/form/div/div[2]/select/option[1]'.</msg>
<status status="PASS" starttime="20210514 10:16:08.792" endtime="20210514 10:16:08.817"/>
</kw>
<kw name="Click Element" library="SeleniumLibrary">
<arg>xpath://*[@id="isRequired2"]</arg>
<doc>Click the element identified by ``locator``.</doc>
<msg timestamp="20210514 10:16:08.822" level="INFO">Clicking element 'xpath://*[@id="isRequired2"]'.</msg>
<status status="PASS" starttime="20210514 10:16:08.817" endtime="20210514 10:16:08.870"/>
</kw>
<kw name="Click Button" library="SeleniumLibrary">
<arg>xpath:/html/body/div/form/input[2]</arg>
<doc>Clicks the button identified by ``locator``.</doc>
<msg timestamp="20210514 10:16:08.870" level="INFO">Clicking button 'xpath:/html/body/div/form/input[2]'.</msg>
<status status="PASS" starttime="20210514 10:16:08.870" endtime="20210514 10:16:09.083"/>
</kw>
<kw name="Page Should Contain" library="SeleniumLibrary">
<arg>Testi kysymys2</arg>
<doc>Verifies that current page contains ``text``.</doc>
<msg timestamp="20210514 10:16:09.108" level="INFO">Current page contains text 'Testi kysymys2'.</msg>
<status status="PASS" starttime="20210514 10:16:09.084" endtime="20210514 10:16:09.108"/>
</kw>
<status status="PASS" starttime="20210514 10:16:07.630" endtime="20210514 10:16:09.109"/>
</kw>
<kw name="Press &quot;Add New Question&quot; button" library="common_functionalities">
<kw name="Wait Until Page Contains Element" library="SeleniumLibrary">
<arg>xpath:/html/body/div/a[2]</arg>
<doc>Waits until the element ``locator`` appears on the current page.</doc>
<status status="PASS" starttime="20210514 10:16:09.109" endtime="20210514 10:16:09.116"/>
</kw>
<kw name="Click Element" library="SeleniumLibrary">
<arg>xpath:/html/body/div/a[1]</arg>
<doc>Click the element identified by ``locator``.</doc>
<msg timestamp="20210514 10:16:09.116" level="INFO">Clicking element 'xpath:/html/body/div/a[1]'.</msg>
<status status="PASS" starttime="20210514 10:16:09.116" endtime="20210514 10:16:09.246"/>
</kw>
<status status="PASS" starttime="20210514 10:16:09.109" endtime="20210514 10:16:09.246"/>
</kw>
<kw name="Add Radiobutton No Required Question">
<kw name="Wait Until Page Contains Element" library="SeleniumLibrary">
<arg>xpath:/html/body/div/a</arg>
<doc>Waits until the element ``locator`` appears on the current page.</doc>
<status status="PASS" starttime="20210514 10:16:09.248" endtime="20210514 10:16:09.262"/>
</kw>
<kw name="Input Text" library="SeleniumLibrary">
<arg>xpath://*[@id="content"]</arg>
<arg>Testi kysymys3</arg>
<doc>Types the given ``text`` into the text field identified by ``locator``.</doc>
<msg timestamp="20210514 10:16:09.262" level="INFO">Typing text 'Testi kysymys3' into text field 'xpath://*[@id="content"]'.</msg>
<status status="PASS" starttime="20210514 10:16:09.262" endtime="20210514 10:16:09.343"/>
</kw>
<kw name="Click Element" library="SeleniumLibrary">
<arg>xpath:/html/body/div/form/div/div[2]/select</arg>
<doc>Click the element identified by ``locator``.</doc>
<msg timestamp="20210514 10:16:09.343" level="INFO">Clicking element 'xpath:/html/body/div/form/div/div[2]/select'.</msg>
<status status="PASS" starttime="20210514 10:16:09.343" endtime="20210514 10:16:09.397"/>
</kw>
<kw name="Sleep" library="BuiltIn">
<arg>1s</arg>
<doc>Pauses the test executed for the given time.</doc>
<msg timestamp="20210514 10:16:10.401" level="INFO">Slept 1 second</msg>
<status status="PASS" starttime="20210514 10:16:09.397" endtime="20210514 10:16:10.401"/>
</kw>
<kw name="Click Element" library="SeleniumLibrary">
<arg>xpath:/html/body/div/form/div/div[2]/select/option[2]</arg>
<doc>Click the element identified by ``locator``.</doc>
<msg timestamp="20210514 10:16:10.401" level="INFO">Clicking element 'xpath:/html/body/div/form/div/div[2]/select/option[2]'.</msg>
<status status="PASS" starttime="20210514 10:16:10.401" endtime="20210514 10:16:10.433"/>
</kw>
<kw name="Click Element" library="SeleniumLibrary">
<arg>xpath://*[@id="isRequired2"]</arg>
<doc>Click the element identified by ``locator``.</doc>
<msg timestamp="20210514 10:16:10.434" level="INFO">Clicking element 'xpath://*[@id="isRequired2"]'.</msg>
<status status="PASS" starttime="20210514 10:16:10.433" endtime="20210514 10:16:10.481"/>
</kw>
<kw name="Click Button" library="SeleniumLibrary">
<arg>xpath:/html/body/div/form/input[2]</arg>
<doc>Clicks the button identified by ``locator``.</doc>
<msg timestamp="20210514 10:16:10.481" level="INFO">Clicking button 'xpath:/html/body/div/form/input[2]'.</msg>
<status status="PASS" starttime="20210514 10:16:10.481" endtime="20210514 10:16:10.695"/>
</kw>
<kw name="Page Should Contain" library="SeleniumLibrary">
<arg>Testi kysymys3</arg>
<doc>Verifies that current page contains ``text``.</doc>
<msg timestamp="20210514 10:16:10.720" level="INFO">Current page contains text 'Testi kysymys3'.</msg>
<status status="PASS" starttime="20210514 10:16:10.695" endtime="20210514 10:16:10.720"/>
</kw>
<status status="PASS" starttime="20210514 10:16:09.247" endtime="20210514 10:16:10.720"/>
</kw>
<kw name="Press &quot;Add New Question&quot; button" library="common_functionalities">
<kw name="Wait Until Page Contains Element" library="SeleniumLibrary">
<arg>xpath:/html/body/div/a[2]</arg>
<doc>Waits until the element ``locator`` appears on the current page.</doc>
<status status="PASS" starttime="20210514 10:16:10.721" endtime="20210514 10:16:10.723"/>
</kw>
<kw name="Click Element" library="SeleniumLibrary">
<arg>xpath:/html/body/div/a[1]</arg>
<doc>Click the element identified by ``locator``.</doc>
<msg timestamp="20210514 10:16:10.723" level="INFO">Clicking element 'xpath:/html/body/div/a[1]'.</msg>
<status status="PASS" starttime="20210514 10:16:10.723" endtime="20210514 10:16:10.870"/>
</kw>
<status status="PASS" starttime="20210514 10:16:10.721" endtime="20210514 10:16:10.870"/>
</kw>
<kw name="Add Radiobutton Yes Required Question">
<kw name="Wait Until Page Contains Element" library="SeleniumLibrary">
<arg>xpath:/html/body/div/a</arg>
<doc>Waits until the element ``locator`` appears on the current page.</doc>
<status status="PASS" starttime="20210514 10:16:10.873" endtime="20210514 10:16:10.888"/>
</kw>
<kw name="Input Text" library="SeleniumLibrary">
<arg>xpath://*[@id="content"]</arg>
<arg>Testi kysymys4</arg>
<doc>Types the given ``text`` into the text field identified by ``locator``.</doc>
<msg timestamp="20210514 10:16:10.888" level="INFO">Typing text 'Testi kysymys4' into text field 'xpath://*[@id="content"]'.</msg>
<status status="PASS" starttime="20210514 10:16:10.888" endtime="20210514 10:16:10.970"/>
</kw>
<kw name="Click Element" library="SeleniumLibrary">
<arg>xpath:/html/body/div/form/div/div[2]/select</arg>
<doc>Click the element identified by ``locator``.</doc>
<msg timestamp="20210514 10:16:10.970" level="INFO">Clicking element 'xpath:/html/body/div/form/div/div[2]/select'.</msg>
<status status="PASS" starttime="20210514 10:16:10.970" endtime="20210514 10:16:11.025"/>
</kw>
<kw name="Sleep" library="BuiltIn">
<arg>1s</arg>
<doc>Pauses the test executed for the given time.</doc>
<msg timestamp="20210514 10:16:12.031" level="INFO">Slept 1 second</msg>
<status status="PASS" starttime="20210514 10:16:11.025" endtime="20210514 10:16:12.031"/>
</kw>
<kw name="Click Element" library="SeleniumLibrary">
<arg>xpath:/html/body/div/form/div/div[2]/select/option[2]</arg>
<doc>Click the element identified by ``locator``.</doc>
<msg timestamp="20210514 10:16:12.031" level="INFO">Clicking element 'xpath:/html/body/div/form/div/div[2]/select/option[2]'.</msg>
<status status="PASS" starttime="20210514 10:16:12.031" endtime="20210514 10:16:12.056"/>
</kw>
<kw name="Click Element" library="SeleniumLibrary">
<arg>xpath://*[@id="isRequired1"]</arg>
<doc>Click the element identified by ``locator``.</doc>
<msg timestamp="20210514 10:16:12.056" level="INFO">Clicking element 'xpath://*[@id="isRequired1"]'.</msg>
<status status="PASS" starttime="20210514 10:16:12.056" endtime="20210514 10:16:12.100"/>
</kw>
<kw name="Click Button" library="SeleniumLibrary">
<arg>xpath:/html/body/div/form/input[2]</arg>
<doc>Clicks the button identified by ``locator``.</doc>
<msg timestamp="20210514 10:16:12.101" level="INFO">Clicking button 'xpath:/html/body/div/form/input[2]'.</msg>
<status status="PASS" starttime="20210514 10:16:12.100" endtime="20210514 10:16:12.319"/>
</kw>
<kw name="Page Should Contain" library="SeleniumLibrary">
<arg>Testi kysymys4</arg>
<doc>Verifies that current page contains ``text``.</doc>
<msg timestamp="20210514 10:16:12.339" level="INFO">Current page contains text 'Testi kysymys4'.</msg>
<status status="PASS" starttime="20210514 10:16:12.320" endtime="20210514 10:16:12.339"/>
</kw>
<status status="PASS" starttime="20210514 10:16:10.872" endtime="20210514 10:16:12.339"/>
</kw>
<kw name="Press &quot;Add New Question&quot; button" library="common_functionalities">
<kw name="Wait Until Page Contains Element" library="SeleniumLibrary">
<arg>xpath:/html/body/div/a[2]</arg>
<doc>Waits until the element ``locator`` appears on the current page.</doc>
<status status="PASS" starttime="20210514 10:16:12.339" endtime="20210514 10:16:12.341"/>
</kw>
<kw name="Click Element" library="SeleniumLibrary">
<arg>xpath:/html/body/div/a[1]</arg>
<doc>Click the element identified by ``locator``.</doc>
<msg timestamp="20210514 10:16:12.341" level="INFO">Clicking element 'xpath:/html/body/div/a[1]'.</msg>
<status status="PASS" starttime="20210514 10:16:12.341" endtime="20210514 10:16:12.478"/>
</kw>
<status status="PASS" starttime="20210514 10:16:12.339" endtime="20210514 10:16:12.478"/>
</kw>
<kw name="Add Checkbox No Required Question">
<kw name="Wait Until Page Contains Element" library="SeleniumLibrary">
<arg>xpath:/html/body/div/a</arg>
<doc>Waits until the element ``locator`` appears on the current page.</doc>
<status status="PASS" starttime="20210514 10:16:12.482" endtime="20210514 10:16:12.495"/>
</kw>
<kw name="Input Text" library="SeleniumLibrary">
<arg>xpath://*[@id="content"]</arg>
<arg>Testi kysymys5</arg>
<doc>Types the given ``text`` into the text field identified by ``locator``.</doc>
<msg timestamp="20210514 10:16:12.495" level="INFO">Typing text 'Testi kysymys5' into text field 'xpath://*[@id="content"]'.</msg>
<status status="PASS" starttime="20210514 10:16:12.495" endtime="20210514 10:16:12.574"/>
</kw>
<kw name="Click Element" library="SeleniumLibrary">
<arg>xpath:/html/body/div/form/div/div[2]/select</arg>
<doc>Click the element identified by ``locator``.</doc>
<msg timestamp="20210514 10:16:12.575" level="INFO">Clicking element 'xpath:/html/body/div/form/div/div[2]/select'.</msg>
<status status="PASS" starttime="20210514 10:16:12.575" endtime="20210514 10:16:12.630"/>
</kw>
<kw name="Sleep" library="BuiltIn">
<arg>1s</arg>
<doc>Pauses the test executed for the given time.</doc>
<msg timestamp="20210514 10:16:13.641" level="INFO">Slept 1 second</msg>
<status status="PASS" starttime="20210514 10:16:12.630" endtime="20210514 10:16:13.641"/>
</kw>
<kw name="Click Element" library="SeleniumLibrary">
<arg>xpath:/html/body/div/form/div/div[2]/select/option[3]</arg>
<doc>Click the element identified by ``locator``.</doc>
<msg timestamp="20210514 10:16:13.641" level="INFO">Clicking element 'xpath:/html/body/div/form/div/div[2]/select/option[3]'.</msg>
<status status="PASS" starttime="20210514 10:16:13.641" endtime="20210514 10:16:13.681"/>
</kw>
<kw name="Click Element" library="SeleniumLibrary">
<arg>xpath://*[@id="isRequired2"]</arg>
<doc>Click the element identified by ``locator``.</doc>
<msg timestamp="20210514 10:16:13.681" level="INFO">Clicking element 'xpath://*[@id="isRequired2"]'.</msg>
<status status="PASS" starttime="20210514 10:16:13.681" endtime="20210514 10:16:13.721"/>
</kw>
<kw name="Click Button" library="SeleniumLibrary">
<arg>xpath:/html/body/div/form/input[2]</arg>
<doc>Clicks the button identified by ``locator``.</doc>
<msg timestamp="20210514 10:16:13.721" level="INFO">Clicking button 'xpath:/html/body/div/form/input[2]'.</msg>
<status status="PASS" starttime="20210514 10:16:13.721" endtime="20210514 10:16:13.951"/>
</kw>
<kw name="Page Should Contain" library="SeleniumLibrary">
<arg>Testi kysymys5</arg>
<doc>Verifies that current page contains ``text``.</doc>
<msg timestamp="20210514 10:16:13.971" level="INFO">Current page contains text 'Testi kysymys5'.</msg>
<status status="PASS" starttime="20210514 10:16:13.951" endtime="20210514 10:16:13.971"/>
</kw>
<status status="PASS" starttime="20210514 10:16:12.480" endtime="20210514 10:16:13.971"/>
</kw>
<kw name="Press &quot;Add New Question&quot; button" library="common_functionalities">
<kw name="Wait Until Page Contains Element" library="SeleniumLibrary">
<arg>xpath:/html/body/div/a[2]</arg>
<doc>Waits until the element ``locator`` appears on the current page.</doc>
<status status="PASS" starttime="20210514 10:16:13.971" endtime="20210514 10:16:13.971"/>
</kw>
<kw name="Click Element" library="SeleniumLibrary">
<arg>xpath:/html/body/div/a[1]</arg>
<doc>Click the element identified by ``locator``.</doc>
<msg timestamp="20210514 10:16:13.971" level="INFO">Clicking element 'xpath:/html/body/div/a[1]'.</msg>
<status status="PASS" starttime="20210514 10:16:13.971" endtime="20210514 10:16:14.111"/>
</kw>
<status status="PASS" starttime="20210514 10:16:13.971" endtime="20210514 10:16:14.112"/>
</kw>
<kw name="Add Checkbox Yes Required Question">
<kw name="Wait Until Page Contains Element" library="SeleniumLibrary">
<arg>xpath:/html/body/div/a</arg>
<doc>Waits until the element ``locator`` appears on the current page.</doc>
<status status="PASS" starttime="20210514 10:16:14.116" endtime="20210514 10:16:14.129"/>
</kw>
<kw name="Input Text" library="SeleniumLibrary">
<arg>xpath://*[@id="content"]</arg>
<arg>Testi kysymys6</arg>
<doc>Types the given ``text`` into the text field identified by ``locator``.</doc>
<msg timestamp="20210514 10:16:14.129" level="INFO">Typing text 'Testi kysymys6' into text field 'xpath://*[@id="content"]'.</msg>
<status status="PASS" starttime="20210514 10:16:14.129" endtime="20210514 10:16:14.208"/>
</kw>
<kw name="Click Element" library="SeleniumLibrary">
<arg>xpath:/html/body/div/form/div/div[2]/select</arg>
<doc>Click the element identified by ``locator``.</doc>
<msg timestamp="20210514 10:16:14.208" level="INFO">Clicking element 'xpath:/html/body/div/form/div/div[2]/select'.</msg>
<status status="PASS" starttime="20210514 10:16:14.208" endtime="20210514 10:16:14.261"/>
</kw>
<kw name="Sleep" library="BuiltIn">
<arg>1s</arg>
<doc>Pauses the test executed for the given time.</doc>
<msg timestamp="20210514 10:16:15.271" level="INFO">Slept 1 second</msg>
<status status="PASS" starttime="20210514 10:16:14.261" endtime="20210514 10:16:15.271"/>
</kw>
<kw name="Click Element" library="SeleniumLibrary">
<arg>xpath:/html/body/div/form/div/div[2]/select/option[3]</arg>
<doc>Click the element identified by ``locator``.</doc>
<msg timestamp="20210514 10:16:15.271" level="INFO">Clicking element 'xpath:/html/body/div/form/div/div[2]/select/option[3]'.</msg>
<status status="PASS" starttime="20210514 10:16:15.271" endtime="20210514 10:16:15.326"/>
</kw>
<kw name="Click Element" library="SeleniumLibrary">
<arg>xpath://*[@id="isRequired1"]</arg>
<doc>Click the element identified by ``locator``.</doc>
<msg timestamp="20210514 10:16:15.327" level="INFO">Clicking element 'xpath://*[@id="isRequired1"]'.</msg>
<status status="PASS" starttime="20210514 10:16:15.327" endtime="20210514 10:16:15.373"/>
</kw>
<kw name="Click Button" library="SeleniumLibrary">
<arg>xpath:/html/body/div/form/input[2]</arg>
<doc>Clicks the button identified by ``locator``.</doc>
<msg timestamp="20210514 10:16:15.373" level="INFO">Clicking button 'xpath:/html/body/div/form/input[2]'.</msg>
<status status="PASS" starttime="20210514 10:16:15.373" endtime="20210514 10:16:15.595"/>
</kw>
<kw name="Page Should Contain" library="SeleniumLibrary">
<arg>Testi kysymys6</arg>
<doc>Verifies that current page contains ``text``.</doc>
<msg timestamp="20210514 10:16:15.617" level="INFO">Current page contains text 'Testi kysymys6'.</msg>
<status status="PASS" starttime="20210514 10:16:15.595" endtime="20210514 10:16:15.617"/>
</kw>
<status status="PASS" starttime="20210514 10:16:14.114" endtime="20210514 10:16:15.617"/>
</kw>
<kw name="Return To Main Page" library="common_functionalities">
<kw name="Click Element" library="SeleniumLibrary">
<arg>xpath:/html/body/div/a[2]</arg>
<doc>Click the element identified by ``locator``.</doc>
<msg timestamp="20210514 10:16:15.618" level="INFO">Clicking element 'xpath:/html/body/div/a[2]'.</msg>
<status status="PASS" starttime="20210514 10:16:15.618" endtime="20210514 10:16:15.758"/>
</kw>
<kw name="Page Should Contain" library="SeleniumLibrary">
<arg>Haaga-Helia questionnaires</arg>
<doc>Verifies that current page contains ``text``.</doc>
<msg timestamp="20210514 10:16:15.782" level="INFO">Current page contains text 'Haaga-Helia questionnaires'.</msg>
<status status="PASS" starttime="20210514 10:16:15.759" endtime="20210514 10:16:15.782"/>
</kw>
<status status="PASS" starttime="20210514 10:16:15.618" endtime="20210514 10:16:15.783"/>
</kw>
<kw name="Finish Testcase" library="common_functionalities" type="TEARDOWN">
<kw name="Close Browser" library="SeleniumLibrary">
<doc>Closes the current browser.</doc>
<status status="PASS" starttime="20210514 10:16:15.783" endtime="20210514 10:16:18.042"/>
</kw>
<status status="PASS" starttime="20210514 10:16:15.783" endtime="20210514 10:16:18.043"/>
</kw>
<doc>Creating questions for questionnaire</doc>
<tag>Functional</tag>
<status status="PASS" starttime="20210514 10:16:03.602" endtime="20210514 10:16:18.044"/>
</test>
<doc>Testing functionality of creating questions for questionnaire</doc>
<status status="PASS" starttime="20210514 10:16:03.592" endtime="20210514 10:16:18.044"/>
</suite>
<suite id="s1-s3" name="3Creating Options" source="C:\Users\jamin\PycharmProjects\ohjelmistokehitys_seminaari\Tests\3creating_options.robot">
<test id="s1-s3-t1" name="Creating options">
<kw name="Starting Backend Side" library="common_functionalities" type="SETUP">
<kw name="Open Browser" library="SeleniumLibrary">
<arg>https://ohp20kysely.herokuapp.com/</arg>
<arg>chrome</arg>
<doc>Opens a new browser instance to the optional ``url``.</doc>
<msg timestamp="20210514 10:16:18.062" level="INFO">Opening browser 'chrome' to base url 'https://ohp20kysely.herokuapp.com/'.</msg>
<status status="PASS" starttime="20210514 10:16:18.062" endtime="20210514 10:16:19.864"/>
</kw>
<kw name="Maximize Browser Window" library="SeleniumLibrary">
<doc>Maximizes current browser window.</doc>
<status status="PASS" starttime="20210514 10:16:19.864" endtime="20210514 10:16:19.999"/>
</kw>
<kw name="Wait Until Page Contains Element" library="SeleniumLibrary">
<arg>xpath:/html/body/div/table/tbody/tr[4]/td[2]</arg>
<doc>Waits until the element ``locator`` appears on the current page.</doc>
<status status="PASS" starttime="20210514 10:16:19.999" endtime="20210514 10:16:20.022"/>
</kw>
<status status="PASS" starttime="20210514 10:16:18.062" endtime="20210514 10:16:20.023"/>
</kw>
<kw name="Click &quot;Testi&quot; Questionnaire &quot;Show Questions&quot;" library="common_functionalities">
<kw name="Click Element" library="SeleniumLibrary">
<arg>xpath:/html/body/div/table/tbody/tr[5]/td[4]/a</arg>
<doc>Click the element identified by ``locator``.</doc>
<msg timestamp="20210514 10:16:20.024" level="INFO">Clicking element 'xpath:/html/body/div/table/tbody/tr[5]/td[4]/a'.</msg>
<status status="PASS" starttime="20210514 10:16:20.024" endtime="20210514 10:16:20.191"/>
</kw>
<status status="PASS" starttime="20210514 10:16:20.023" endtime="20210514 10:16:20.191"/>
</kw>
<kw name="Adding Options To Kysymys3">
<kw name="Click Element" library="SeleniumLibrary">
<arg>${QUESTION3}</arg>
<doc>Click the element identified by ``locator``.</doc>
<msg timestamp="20210514 10:16:20.197" level="INFO">Clicking element 'xpath:/html/body/div/table/tbody/tr[4]/td[5]/a'.</msg>
<status status="PASS" starttime="20210514 10:16:20.195" endtime="20210514 10:16:20.343"/>
</kw>
<kw name="Page Should Contain" library="SeleniumLibrary">
<arg>Testi kysymys3</arg>
<doc>Verifies that current page contains ``text``.</doc>
<msg timestamp="20210514 10:16:20.364" level="INFO">Current page contains text 'Testi kysymys3'.</msg>
<status status="PASS" starttime="20210514 10:16:20.344" endtime="20210514 10:16:20.364"/>
</kw>
<kw name="Click Button" library="SeleniumLibrary">
<arg>${ADD_NEW_OPTION}</arg>
<doc>Clicks the button identified by ``locator``.</doc>
<msg timestamp="20210514 10:16:20.364" level="INFO">Clicking button 'xpath:/html/body/div/div[1]/button'.</msg>
<status status="PASS" starttime="20210514 10:16:20.364" endtime="20210514 10:16:20.415"/>
</kw>
<kw name="Input Text" library="SeleniumLibrary">
<arg>${OPTION_INPUT}</arg>
<arg>Vaihtoehto3.1</arg>
<doc>Types the given ``text`` into the text field identified by ``locator``.</doc>
<msg timestamp="20210514 10:16:20.415" level="INFO">Typing text 'Vaihtoehto3.1' into text field 'xpath://*[@id="option"]'.</msg>
<status status="PASS" starttime="20210514 10:16:20.415" endtime="20210514 10:16:20.551"/>
</kw>
<kw name="Click Button" library="SeleniumLibrary">
<arg>${SEND_OPTIONS}</arg>
<doc>Clicks the button identified by ``locator``.</doc>
<msg timestamp="20210514 10:16:20.552" level="INFO">Clicking button 'xpath:/html/body/div/div[3]/button'.</msg>
<status status="PASS" starttime="20210514 10:16:20.551" endtime="20210514 10:16:20.717"/>
</kw>
<kw name="Click Element" library="SeleniumLibrary">
<arg>${QUESTION3}</arg>
<doc>Click the element identified by ``locator``.</doc>
<msg timestamp="20210514 10:16:20.720" level="INFO">Clicking element 'xpath:/html/body/div/table/tbody/tr[4]/td[5]/a'.</msg>
<status status="PASS" starttime="20210514 10:16:20.719" endtime="20210514 10:16:20.877"/>
</kw>
<kw name="Page Should Contain" library="SeleniumLibrary">
<arg>Testi kysymys3</arg>
<doc>Verifies that current page contains ``text``.</doc>
<msg timestamp="20210514 10:16:20.895" level="INFO">Current page contains text 'Testi kysymys3'.</msg>
<status status="PASS" starttime="20210514 10:16:20.879" endtime="20210514 10:16:20.895"/>
</kw>
<kw name="Click Button" library="SeleniumLibrary">
<arg>${ADD_NEW_OPTION}</arg>
<doc>Clicks the button identified by ``locator``.</doc>
<msg timestamp="20210514 10:16:20.895" level="INFO">Clicking button 'xpath:/html/body/div/div[1]/button'.</msg>
<status status="PASS" starttime="20210514 10:16:20.895" endtime="20210514 10:16:20.937"/>
</kw>
<kw name="Input Text" library="SeleniumLibrary">
<arg>${OPTION_INPUT}</arg>
<arg>Vaihtoehto3.2</arg>
<doc>Types the given ``text`` into the text field identified by ``locator``.</doc>
<msg timestamp="20210514 10:16:20.938" level="INFO">Typing text 'Vaihtoehto3.2' into text field 'xpath://*[@id="option"]'.</msg>
<status status="PASS" starttime="20210514 10:16:20.938" endtime="20210514 10:16:21.015"/>
</kw>
<kw name="Click Button" library="SeleniumLibrary">
<arg>${SEND_OPTIONS}</arg>
<doc>Clicks the button identified by ``locator``.</doc>
<msg timestamp="20210514 10:16:21.016" level="INFO">Clicking button 'xpath:/html/body/div/div[3]/button'.</msg>
<status status="PASS" starttime="20210514 10:16:21.015" endtime="20210514 10:16:21.155"/>
</kw>
<kw name="Sleep" library="BuiltIn">
<arg>1s</arg>
<doc>Pauses the test executed for the given time.</doc>
<msg timestamp="20210514 10:16:22.171" level="INFO">Slept 1 second</msg>
<status status="PASS" starttime="20210514 10:16:21.155" endtime="20210514 10:16:22.171"/>
</kw>
<kw name="Wait Until Page Contains" library="SeleniumLibrary">
<arg>Vaihtoehto3.2</arg>
<doc>Waits until ``text`` appears on the current page.</doc>
<status status="PASS" starttime="20210514 10:16:22.171" endtime="20210514 10:16:22.181"/>
</kw>
<status status="PASS" starttime="20210514 10:16:20.192" endtime="20210514 10:16:22.181"/>
</kw>
<kw name="Adding Options To Kysymys4">
<kw name="Click Element" library="SeleniumLibrary">
<arg>${QUESTION4}</arg>
<doc>Click the element identified by ``locator``.</doc>
<msg timestamp="20210514 10:16:22.181" level="INFO">Clicking element 'xpath:/html/body/div/table/tbody/tr[5]/td[5]/a'.</msg>
<status status="PASS" starttime="20210514 10:16:22.181" endtime="20210514 10:16:22.322"/>
</kw>
<kw name="Page Should Contain" library="SeleniumLibrary">
<arg>Testi kysymys4</arg>
<doc>Verifies that current page contains ``text``.</doc>
<msg timestamp="20210514 10:16:22.341" level="INFO">Current page contains text 'Testi kysymys4'.</msg>
<status status="PASS" starttime="20210514 10:16:22.322" endtime="20210514 10:16:22.341"/>
</kw>
<kw name="Click Button" library="SeleniumLibrary">
<arg>${ADD_NEW_OPTION}</arg>
<doc>Clicks the button identified by ``locator``.</doc>
<msg timestamp="20210514 10:16:22.342" level="INFO">Clicking button 'xpath:/html/body/div/div[1]/button'.</msg>
<status status="PASS" starttime="20210514 10:16:22.341" endtime="20210514 10:16:22.392"/>
</kw>
<kw name="Input Text" library="SeleniumLibrary">
<arg>${OPTION_INPUT}</arg>
<arg>Vaihtoehto4.1</arg>
<doc>Types the given ``text`` into the text field identified by ``locator``.</doc>
<msg timestamp="20210514 10:16:22.393" level="INFO">Typing text 'Vaihtoehto4.1' into text field 'xpath://*[@id="option"]'.</msg>
<status status="PASS" starttime="20210514 10:16:22.392" endtime="20210514 10:16:22.480"/>
</kw>
<kw name="Click Button" library="SeleniumLibrary">
<arg>${SEND_OPTIONS}</arg>
<doc>Clicks the button identified by ``locator``.</doc>
<msg timestamp="20210514 10:16:22.481" level="INFO">Clicking button 'xpath:/html/body/div/div[3]/button'.</msg>
<status status="PASS" starttime="20210514 10:16:22.480" endtime="20210514 10:16:22.625"/>
</kw>
<kw name="Click Element" library="SeleniumLibrary">
<arg>${QUESTION4}</arg>
<doc>Click the element identified by ``locator``.</doc>
<msg timestamp="20210514 10:16:22.627" level="INFO">Clicking element 'xpath:/html/body/div/table/tbody/tr[5]/td[5]/a'.</msg>
<status status="PASS" starttime="20210514 10:16:22.626" endtime="20210514 10:16:22.767"/>
</kw>
<kw name="Page Should Contain" library="SeleniumLibrary">
<arg>Testi kysymys4</arg>
<doc>Verifies that current page contains ``text``.</doc>
<msg timestamp="20210514 10:16:22.783" level="INFO">Current page contains text 'Testi kysymys4'.</msg>
<status status="PASS" starttime="20210514 10:16:22.767" endtime="20210514 10:16:22.783"/>
</kw>
<kw name="Click Button" library="SeleniumLibrary">
<arg>${ADD_NEW_OPTION}</arg>
<doc>Clicks the button identified by ``locator``.</doc>
<msg timestamp="20210514 10:16:22.783" level="INFO">Clicking button 'xpath:/html/body/div/div[1]/button'.</msg>
<status status="PASS" starttime="20210514 10:16:22.783" endtime="20210514 10:16:22.828"/>
</kw>
<kw name="Input Text" library="SeleniumLibrary">
<arg>${OPTION_INPUT}</arg>
<arg>Vaihtoehto4.2</arg>
<doc>Types the given ``text`` into the text field identified by ``locator``.</doc>
<msg timestamp="20210514 10:16:22.829" level="INFO">Typing text 'Vaihtoehto4.2' into text field 'xpath://*[@id="option"]'.</msg>
<status status="PASS" starttime="20210514 10:16:22.829" endtime="20210514 10:16:22.918"/>
</kw>
<kw name="Click Button" library="SeleniumLibrary">
<arg>${SEND_OPTIONS}</arg>
<doc>Clicks the button identified by ``locator``.</doc>
<msg timestamp="20210514 10:16:22.918" level="INFO">Clicking button 'xpath:/html/body/div/div[3]/button'.</msg>
<status status="PASS" starttime="20210514 10:16:22.918" endtime="20210514 10:16:23.062"/>
</kw>
<kw name="Sleep" library="BuiltIn">
<arg>1s</arg>
<doc>Pauses the test executed for the given time.</doc>
<msg timestamp="20210514 10:16:24.075" level="INFO">Slept 1 second</msg>
<status status="PASS" starttime="20210514 10:16:23.062" endtime="20210514 10:16:24.075"/>
</kw>
<kw name="Wait Until Page Contains" library="SeleniumLibrary">
<arg>Vaihtoehto4.2</arg>
<doc>Waits until ``text`` appears on the current page.</doc>
<status status="PASS" starttime="20210514 10:16:24.075" endtime="20210514 10:16:24.085"/>
</kw>
<status status="PASS" starttime="20210514 10:16:22.181" endtime="20210514 10:16:24.085"/>
</kw>
<kw name="Adding Options To Kysymys5">
<kw name="Click Element" library="SeleniumLibrary">
<arg>${QUESTION5}</arg>
<doc>Click the element identified by ``locator``.</doc>
<msg timestamp="20210514 10:16:24.085" level="INFO">Clicking element 'xpath:/html/body/div/table/tbody/tr[6]/td[5]/a'.</msg>
<status status="PASS" starttime="20210514 10:16:24.085" endtime="20210514 10:16:24.223"/>
</kw>
<kw name="Page Should Contain" library="SeleniumLibrary">
<arg>Testi kysymys5</arg>
<doc>Verifies that current page contains ``text``.</doc>
<msg timestamp="20210514 10:16:24.246" level="INFO">Current page contains text 'Testi kysymys5'.</msg>
<status status="PASS" starttime="20210514 10:16:24.224" endtime="20210514 10:16:24.246"/>
</kw>
<kw name="Click Button" library="SeleniumLibrary">
<arg>${ADD_NEW_OPTION}</arg>
<doc>Clicks the button identified by ``locator``.</doc>
<msg timestamp="20210514 10:16:24.247" level="INFO">Clicking button 'xpath:/html/body/div/div[1]/button'.</msg>
<status status="PASS" starttime="20210514 10:16:24.246" endtime="20210514 10:16:24.296"/>
</kw>
<kw name="Input Text" library="SeleniumLibrary">
<arg>${OPTION_INPUT}</arg>
<arg>Vaihtoehto5.1</arg>
<doc>Types the given ``text`` into the text field identified by ``locator``.</doc>
<msg timestamp="20210514 10:16:24.296" level="INFO">Typing text 'Vaihtoehto5.1' into text field 'xpath://*[@id="option"]'.</msg>
<status status="PASS" starttime="20210514 10:16:24.296" endtime="20210514 10:16:24.388"/>
</kw>
<kw name="Click Button" library="SeleniumLibrary">
<arg>${SEND_OPTIONS}</arg>
<doc>Clicks the button identified by ``locator``.</doc>
<msg timestamp="20210514 10:16:24.388" level="INFO">Clicking button 'xpath:/html/body/div/div[3]/button'.</msg>
<status status="PASS" starttime="20210514 10:16:24.388" endtime="20210514 10:16:24.536"/>
</kw>
<kw name="Click Element" library="SeleniumLibrary">
<arg>${QUESTION5}</arg>
<doc>Click the element identified by ``locator``.</doc>
<msg timestamp="20210514 10:16:24.536" level="INFO">Clicking element 'xpath:/html/body/div/table/tbody/tr[6]/td[5]/a'.</msg>
<status status="PASS" starttime="20210514 10:16:24.536" endtime="20210514 10:16:24.678"/>
</kw>
<kw name="Page Should Contain" library="SeleniumLibrary">
<arg>Testi kysymys5</arg>
<doc>Verifies that current page contains ``text``.</doc>
<msg timestamp="20210514 10:16:24.697" level="INFO">Current page contains text 'Testi kysymys5'.</msg>
<status status="PASS" starttime="20210514 10:16:24.679" endtime="20210514 10:16:24.697"/>
</kw>
<kw name="Click Button" library="SeleniumLibrary">
<arg>${ADD_NEW_OPTION}</arg>
<doc>Clicks the button identified by ``locator``.</doc>
<msg timestamp="20210514 10:16:24.697" level="INFO">Clicking button 'xpath:/html/body/div/div[1]/button'.</msg>
<status status="PASS" starttime="20210514 10:16:24.697" endtime="20210514 10:16:24.745"/>
</kw>
<kw name="Input Text" library="SeleniumLibrary">
<arg>${OPTION_INPUT}</arg>
<arg>Vaihtoehto5.2</arg>
<doc>Types the given ``text`` into the text field identified by ``locator``.</doc>
<msg timestamp="20210514 10:16:24.745" level="INFO">Typing text 'Vaihtoehto5.2' into text field 'xpath://*[@id="option"]'.</msg>
<status status="PASS" starttime="20210514 10:16:24.745" endtime="20210514 10:16:24.835"/>
</kw>
<kw name="Click Button" library="SeleniumLibrary">
<arg>${SEND_OPTIONS}</arg>
<doc>Clicks the button identified by ``locator``.</doc>
<msg timestamp="20210514 10:16:24.836" level="INFO">Clicking button 'xpath:/html/body/div/div[3]/button'.</msg>
<status status="PASS" starttime="20210514 10:16:24.835" endtime="20210514 10:16:24.985"/>
</kw>
<kw name="Sleep" library="BuiltIn">
<arg>1s</arg>
<doc>Pauses the test executed for the given time.</doc>
<msg timestamp="20210514 10:16:26.002" level="INFO">Slept 1 second</msg>
<status status="PASS" starttime="20210514 10:16:24.985" endtime="20210514 10:16:26.002"/>
</kw>
<kw name="Wait Until Page Contains" library="SeleniumLibrary">
<arg>Vaihtoehto5.2</arg>
<doc>Waits until ``text`` appears on the current page.</doc>
<status status="PASS" starttime="20210514 10:16:26.002" endtime="20210514 10:16:26.032"/>
</kw>
<status status="PASS" starttime="20210514 10:16:24.085" endtime="20210514 10:16:26.032"/>
</kw>
<kw name="Adding Options To Kysymys6">
<kw name="Click Element" library="SeleniumLibrary">
<arg>${QUESTION6}</arg>
<doc>Click the element identified by ``locator``.</doc>
<msg timestamp="20210514 10:16:26.032" level="INFO">Clicking element 'xpath:/html/body/div/table/tbody/tr[7]/td[5]/a'.</msg>
<status status="PASS" starttime="20210514 10:16:26.032" endtime="20210514 10:16:26.179"/>
</kw>
<kw name="Page Should Contain" library="SeleniumLibrary">
<arg>Testi kysymys6</arg>
<doc>Verifies that current page contains ``text``.</doc>
<msg timestamp="20210514 10:16:26.198" level="INFO">Current page contains text 'Testi kysymys6'.</msg>
<status status="PASS" starttime="20210514 10:16:26.180" endtime="20210514 10:16:26.198"/>
</kw>
<kw name="Click Button" library="SeleniumLibrary">
<arg>${ADD_NEW_OPTION}</arg>
<doc>Clicks the button identified by ``locator``.</doc>
<msg timestamp="20210514 10:16:26.198" level="INFO">Clicking button 'xpath:/html/body/div/div[1]/button'.</msg>
<status status="PASS" starttime="20210514 10:16:26.198" endtime="20210514 10:16:26.245"/>
</kw>
<kw name="Input Text" library="SeleniumLibrary">
<arg>${OPTION_INPUT}</arg>
<arg>Vaihtoehto6.1</arg>
<doc>Types the given ``text`` into the text field identified by ``locator``.</doc>
<msg timestamp="20210514 10:16:26.246" level="INFO">Typing text 'Vaihtoehto6.1' into text field 'xpath://*[@id="option"]'.</msg>
<status status="PASS" starttime="20210514 10:16:26.246" endtime="20210514 10:16:26.326"/>
</kw>
<kw name="Click Button" library="SeleniumLibrary">
<arg>${SEND_OPTIONS}</arg>
<doc>Clicks the button identified by ``locator``.</doc>
<msg timestamp="20210514 10:16:26.326" level="INFO">Clicking button 'xpath:/html/body/div/div[3]/button'.</msg>
<status status="PASS" starttime="20210514 10:16:26.326" endtime="20210514 10:16:26.475"/>
</kw>
<kw name="Click Element" library="SeleniumLibrary">
<arg>${QUESTION6}</arg>
<doc>Click the element identified by ``locator``.</doc>
<msg timestamp="20210514 10:16:26.477" level="INFO">Clicking element 'xpath:/html/body/div/table/tbody/tr[7]/td[5]/a'.</msg>
<status status="PASS" starttime="20210514 10:16:26.475" endtime="20210514 10:16:26.612"/>
</kw>
<kw name="Page Should Contain" library="SeleniumLibrary">
<arg>Testi kysymys6</arg>
<doc>Verifies that current page contains ``text``.</doc>
<msg timestamp="20210514 10:16:26.629" level="INFO">Current page contains text 'Testi kysymys6'.</msg>
<status status="PASS" starttime="20210514 10:16:26.612" endtime="20210514 10:16:26.630"/>
</kw>
<kw name="Click Button" library="SeleniumLibrary">
<arg>${ADD_NEW_OPTION}</arg>
<doc>Clicks the button identified by ``locator``.</doc>
<msg timestamp="20210514 10:16:26.630" level="INFO">Clicking button 'xpath:/html/body/div/div[1]/button'.</msg>
<status status="PASS" starttime="20210514 10:16:26.630" endtime="20210514 10:16:26.676"/>
</kw>
<kw name="Input Text" library="SeleniumLibrary">
<arg>${OPTION_INPUT}</arg>
<arg>Vaihtoehto6.2</arg>
<doc>Types the given ``text`` into the text field identified by ``locator``.</doc>
<msg timestamp="20210514 10:16:26.676" level="INFO">Typing text 'Vaihtoehto6.2' into text field 'xpath://*[@id="option"]'.</msg>
<status status="PASS" starttime="20210514 10:16:26.676" endtime="20210514 10:16:26.757"/>
</kw>
<kw name="Click Button" library="SeleniumLibrary">
<arg>${SEND_OPTIONS}</arg>
<doc>Clicks the button identified by ``locator``.</doc>
<msg timestamp="20210514 10:16:26.757" level="INFO">Clicking button 'xpath:/html/body/div/div[3]/button'.</msg>
<status status="PASS" starttime="20210514 10:16:26.757" endtime="20210514 10:16:26.902"/>
</kw>
<kw name="Sleep" library="BuiltIn">
<arg>1s</arg>
<doc>Pauses the test executed for the given time.</doc>
<msg timestamp="20210514 10:16:27.922" level="INFO">Slept 1 second</msg>
<status status="PASS" starttime="20210514 10:16:26.902" endtime="20210514 10:16:27.922"/>
</kw>
<kw name="Wait Until Page Contains" library="SeleniumLibrary">
<arg>Vaihtoehto6.2</arg>
<doc>Waits until ``text`` appears on the current page.</doc>
<status status="PASS" starttime="20210514 10:16:27.922" endtime="20210514 10:16:27.932"/>
</kw>
<status status="PASS" starttime="20210514 10:16:26.032" endtime="20210514 10:16:27.942"/>
</kw>
<kw name="Return To Main Page" library="common_functionalities">
<kw name="Click Element" library="SeleniumLibrary">
<arg>xpath:/html/body/div/a[2]</arg>
<doc>Click the element identified by ``locator``.</doc>
<msg timestamp="20210514 10:16:27.942" level="INFO">Clicking element 'xpath:/html/body/div/a[2]'.</msg>
<status status="PASS" starttime="20210514 10:16:27.942" endtime="20210514 10:16:28.084"/>
</kw>
<kw name="Page Should Contain" library="SeleniumLibrary">
<arg>Haaga-Helia questionnaires</arg>
<doc>Verifies that current page contains ``text``.</doc>
<msg timestamp="20210514 10:16:28.104" level="INFO">Current page contains text 'Haaga-Helia questionnaires'.</msg>
<status status="PASS" starttime="20210514 10:16:28.084" endtime="20210514 10:16:28.104"/>
</kw>
<status status="PASS" starttime="20210514 10:16:27.942" endtime="20210514 10:16:28.105"/>
</kw>
<kw name="Finish Testcase" library="common_functionalities" type="TEARDOWN">
<kw name="Close Browser" library="SeleniumLibrary">
<doc>Closes the current browser.</doc>
<status status="PASS" starttime="20210514 10:16:28.105" endtime="20210514 10:16:30.393"/>
</kw>
<status status="PASS" starttime="20210514 10:16:28.105" endtime="20210514 10:16:30.393"/>
</kw>
<doc>Creating options</doc>
<tag>Functional</tag>
<status status="PASS" starttime="20210514 10:16:18.062" endtime="20210514 10:16:30.393"/>
</test>
<doc>Testing of creating options for questions</doc>
<status status="PASS" starttime="20210514 10:16:18.052" endtime="20210514 10:16:30.393"/>
</suite>
<suite id="s1-s4" name="4Answering To Test Questionnaire" source="C:\Users\jamin\PycharmProjects\ohjelmistokehitys_seminaari\Tests\4answering_to_test_questionnaire.robot">
<test id="s1-s4-t1" name="Answering to questions">
<kw name="Starting Frontend Side" library="common_functionalities" type="SETUP">
<kw name="Open Browser" library="SeleniumLibrary">
<arg>https://ohp-20kysely-frontend.herokuapp.com/</arg>
<arg>chrome</arg>
<doc>Opens a new browser instance to the optional ``url``.</doc>
<msg timestamp="20210514 10:16:30.411" level="INFO">Opening browser 'chrome' to base url 'https://ohp-20kysely-frontend.herokuapp.com/'.</msg>
<status status="PASS" starttime="20210514 10:16:30.411" endtime="20210514 10:16:32.625"/>
</kw>
<kw name="Maximize Browser Window" library="SeleniumLibrary">
<doc>Maximizes current browser window.</doc>
<status status="PASS" starttime="20210514 10:16:32.625" endtime="20210514 10:16:32.746"/>
</kw>
<kw name="Wait Until Page Contains Element" library="SeleniumLibrary">
<arg>xpath://*[@id="root"]/div/div/div[3]/div/a/h3</arg>
<doc>Waits until the element ``locator`` appears on the current page.</doc>
<status status="PASS" starttime="20210514 10:16:32.746" endtime="20210514 10:16:32.986"/>
</kw>
<status status="PASS" starttime="20210514 10:16:30.411" endtime="20210514 10:16:32.987"/>
</kw>
<kw name="Answer To Questionnaire" library="common_functionalities">
<kw name="Click Element" library="SeleniumLibrary">
<arg>xpath://*[@id="root"]/div/div/div[4]/div/a/h3</arg>
<doc>Click the element identified by ``locator``.</doc>
<msg timestamp="20210514 10:16:32.989" level="INFO">Clicking element 'xpath://*[@id="root"]/div/div/div[4]/div/a/h3'.</msg>
<status status="PASS" starttime="20210514 10:16:32.988" endtime="20210514 10:16:33.045"/>
</kw>
<kw name="Wait Until Page Contains Element" library="SeleniumLibrary">
<arg>xpath://*[@id="root"]/div/div/div/div/h2</arg>
<doc>Waits until the element ``locator`` appears on the current page.</doc>
<status status="PASS" starttime="20210514 10:16:33.046" endtime="20210514 10:16:33.282"/>
</kw>
<status status="PASS" starttime="20210514 10:16:32.988" endtime="20210514 10:16:33.282"/>
</kw>
<kw name="Answer To ALmost All Questions">
<kw name="Click Element" library="SeleniumLibrary">
<arg>${INPUT_QUESTION1}</arg>
<doc>Click the element identified by ``locator``.</doc>
<msg timestamp="20210514 10:16:33.291" level="INFO">Clicking element 'xpath://input[@id="outlined-basic"]'.</msg>
<status status="PASS" starttime="20210514 10:16:33.291" endtime="20210514 10:16:33.350"/>
</kw>
<kw name="Input Text" library="SeleniumLibrary">
<arg>${INPUT_QUESTION1}</arg>
<arg>Vastaus1</arg>
<doc>Types the given ``text`` into the text field identified by ``locator``.</doc>
<msg timestamp="20210514 10:16:33.351" level="INFO">Typing text 'Vastaus1' into text field 'xpath://input[@id="outlined-basic"]'.</msg>
<status status="PASS" starttime="20210514 10:16:33.350" endtime="20210514 10:16:33.466"/>
</kw>
<kw name="Click Element" library="SeleniumLibrary">
<arg>${INPUT_QUESTION3}</arg>
<doc>Click the element identified by ``locator``.</doc>
<msg timestamp="20210514 10:16:33.466" level="INFO">Clicking element 'xpath://*[@id="root"]/div/div/div/div/form/fieldset[1]/div/label[1]/span[1]/span[1]'.</msg>
<status status="PASS" starttime="20210514 10:16:33.466" endtime="20210514 10:16:33.516"/>
</kw>
<kw name="Click Element" library="SeleniumLibrary">
<arg>${INPUT_QUESTION3_1}</arg>
<doc>Click the element identified by ``locator``.</doc>
<msg timestamp="20210514 10:16:33.516" level="INFO">Clicking element 'xpath://*[@id="root"]/div/div/div/div/form/fieldset[1]/div/label[2]/span[1]/span[1]'.</msg>
<status status="PASS" starttime="20210514 10:16:33.516" endtime="20210514 10:16:33.582"/>
</kw>
<kw name="Click Element" library="SeleniumLibrary">
<arg>${INPUT_QUESTION4}</arg>
<doc>Click the element identified by ``locator``.</doc>
<msg timestamp="20210514 10:16:33.582" level="INFO">Clicking element 'xpath://*[@id="root"]/div/div/div/div/form/fieldset[2]/div/label[1]/span[1]/span[1]'.</msg>
<status status="PASS" starttime="20210514 10:16:33.582" endtime="20210514 10:16:33.638"/>
</kw>
<kw name="Click Element" library="SeleniumLibrary">
<arg>${INPUT_QUESTION4_1}</arg>
<doc>Click the element identified by ``locator``.</doc>
<msg timestamp="20210514 10:16:33.639" level="INFO">Clicking element 'xpath://*[@id="root"]/div/div/div/div/form/fieldset[2]/div/label[2]/span[1]/span[1]'.</msg>
<status status="PASS" starttime="20210514 10:16:33.638" endtime="20210514 10:16:33.701"/>
</kw>
<kw name="Click Element" library="SeleniumLibrary">
<arg>${INPUT_QUESTION5}</arg>
<doc>Click the element identified by ``locator``.</doc>
<msg timestamp="20210514 10:16:33.703" level="INFO">Clicking element 'xpath://*[@id="root"]/div/div/div/div/form/div[3]/fieldset/div/label[1]/span[1]/span[1]'.</msg>
<status status="PASS" starttime="20210514 10:16:33.702" endtime="20210514 10:16:33.771"/>
</kw>
<kw name="Click Element" library="SeleniumLibrary">
<arg>${INPUT_QUESTION6}</arg>
<doc>Click the element identified by ``locator``.</doc>
<msg timestamp="20210514 10:16:33.771" level="INFO">Clicking element 'xpath://*[@id="root"]/div/div/div/div/form/div[4]/fieldset/div/label[1]/span[1]/span[1]'.</msg>
<status status="PASS" starttime="20210514 10:16:33.771" endtime="20210514 10:16:33.831"/>
</kw>
<kw name="Sleep" library="BuiltIn">
<arg>1s</arg>
<doc>Pauses the test executed for the given time.</doc>
<msg timestamp="20210514 10:16:34.851" level="INFO">Slept 1 second</msg>
<status status="PASS" starttime="20210514 10:16:33.831" endtime="20210514 10:16:34.851"/>
</kw>
<kw name="Click Submit Button" library="common_functionalities">
<kw name="Scroll Element Into View" library="SeleniumLibrary">
<arg>${SUBMIT_BUTTON}</arg>
<doc>Scrolls the element identified by ``locator`` into view.</doc>
<status status="PASS" starttime="20210514 10:16:34.851" endtime="20210514 10:16:35.141"/>
</kw>
<kw name="Click Element" library="SeleniumLibrary">
<arg>${SUBMIT_BUTTON}</arg>
<doc>Click the element identified by ``locator``.</doc>
<msg timestamp="20210514 10:16:35.141" level="INFO">Clicking element 'xpath://*[@id="root"]/div/div/div/div/form/button/span[1]'.</msg>
<status status="PASS" starttime="20210514 10:16:35.141" endtime="20210514 10:16:35.181"/>
</kw>
<kw name="Sleep" library="BuiltIn">
<arg>1s</arg>
<doc>Pauses the test executed for the given time.</doc>
<msg timestamp="20210514 10:16:36.191" level="INFO">Slept 1 second</msg>
<status status="PASS" starttime="20210514 10:16:35.181" endtime="20210514 10:16:36.191"/>
</kw>
<status status="PASS" starttime="20210514 10:16:34.851" endtime="20210514 10:16:36.192"/>
</kw>
<status status="PASS" starttime="20210514 10:16:33.282" endtime="20210514 10:16:36.192"/>
</kw>
<kw name="Answer To Questionnaire" library="common_functionalities">
<kw name="Click Element" library="SeleniumLibrary">
<arg>xpath://*[@id="root"]/div/div/div[4]/div/a/h3</arg>
<doc>Click the element identified by ``locator``.</doc>
<msg timestamp="20210514 10:16:36.192" level="INFO">Clicking element 'xpath://*[@id="root"]/div/div/div[4]/div/a/h3'.</msg>
<status status="PASS" starttime="20210514 10:16:36.192" endtime="20210514 10:16:36.236"/>
</kw>
<kw name="Wait Until Page Contains Element" library="SeleniumLibrary">
<arg>xpath://*[@id="root"]/div/div/div/div/h2</arg>
<doc>Waits until the element ``locator`` appears on the current page.</doc>
<status status="PASS" starttime="20210514 10:16:36.237" endtime="20210514 10:16:36.464"/>
</kw>
<status status="PASS" starttime="20210514 10:16:36.192" endtime="20210514 10:16:36.464"/>
</kw>
<kw name="Answer Only To All Mandatory Questions">
<kw name="Input Text" library="SeleniumLibrary">
<arg>${INPUT_QUESTION1}</arg>
<arg>Vastaus2.1</arg>
<doc>Types the given ``text`` into the text field identified by ``locator``.</doc>
<msg timestamp="20210514 10:16:36.467" level="INFO">Typing text 'Vastaus2.1' into text field 'xpath://input[@id="outlined-basic"]'.</msg>
<status status="PASS" starttime="20210514 10:16:36.465" endtime="20210514 10:16:36.602"/>
</kw>
<kw name="Click Element" library="SeleniumLibrary">
<arg>${INPUT_QUESTION3}</arg>
<doc>Click the element identified by ``locator``.</doc>
<msg timestamp="20210514 10:16:36.602" level="INFO">Clicking element 'xpath://*[@id="root"]/div/div/div/div/form/fieldset[1]/div/label[1]/span[1]/span[1]'.</msg>
<status status="PASS" starttime="20210514 10:16:36.602" endtime="20210514 10:16:36.645"/>
</kw>
<kw name="Click Element" library="SeleniumLibrary">
<arg>${INPUT_QUESTION4}</arg>
<doc>Click the element identified by ``locator``.</doc>
<msg timestamp="20210514 10:16:36.646" level="INFO">Clicking element 'xpath://*[@id="root"]/div/div/div/div/form/fieldset[2]/div/label[1]/span[1]/span[1]'.</msg>
<status status="PASS" starttime="20210514 10:16:36.645" endtime="20210514 10:16:36.696"/>
</kw>
<kw name="Click Element" library="SeleniumLibrary">
<arg>${INPUT_QUESTION6}</arg>
<doc>Click the element identified by ``locator``.</doc>
<msg timestamp="20210514 10:16:36.697" level="INFO">Clicking element 'xpath://*[@id="root"]/div/div/div/div/form/div[4]/fieldset/div/label[1]/span[1]/span[1]'.</msg>
<status status="PASS" starttime="20210514 10:16:36.696" endtime="20210514 10:16:36.755"/>
</kw>
<kw name="Sleep" library="BuiltIn">
<arg>1s</arg>
<doc>Pauses the test executed for the given time.</doc>
<msg timestamp="20210514 10:16:37.761" level="INFO">Slept 1 second</msg>
<status status="PASS" starttime="20210514 10:16:36.755" endtime="20210514 10:16:37.761"/>
</kw>
<kw name="Click Submit Button" library="common_functionalities">
<kw name="Scroll Element Into View" library="SeleniumLibrary">
<arg>${SUBMIT_BUTTON}</arg>
<doc>Scrolls the element identified by ``locator`` into view.</doc>
<status status="PASS" starttime="20210514 10:16:37.761" endtime="20210514 10:16:38.042"/>
</kw>
<kw name="Click Element" library="SeleniumLibrary">
<arg>${SUBMIT_BUTTON}</arg>
<doc>Click the element identified by ``locator``.</doc>
<msg timestamp="20210514 10:16:38.043" level="INFO">Clicking element 'xpath://*[@id="root"]/div/div/div/div/form/button/span[1]'.</msg>
<status status="PASS" starttime="20210514 10:16:38.042" endtime="20210514 10:16:38.081"/>
</kw>
<kw name="Sleep" library="BuiltIn">
<arg>1s</arg>
<doc>Pauses the test executed for the given time.</doc>
<msg timestamp="20210514 10:16:39.102" level="INFO">Slept 1 second</msg>
<status status="PASS" starttime="20210514 10:16:38.082" endtime="20210514 10:16:39.102"/>
</kw>
<status status="PASS" starttime="20210514 10:16:37.761" endtime="20210514 10:16:39.102"/>
</kw>
<status status="PASS" starttime="20210514 10:16:36.465" endtime="20210514 10:16:39.102"/>
</kw>
<kw name="Answer To Questionnaire" library="common_functionalities">
<kw name="Click Element" library="SeleniumLibrary">
<arg>xpath://*[@id="root"]/div/div/div[4]/div/a/h3</arg>
<doc>Click the element identified by ``locator``.</doc>
<msg timestamp="20210514 10:16:39.102" level="INFO">Clicking element 'xpath://*[@id="root"]/div/div/div[4]/div/a/h3'.</msg>
<status status="PASS" starttime="20210514 10:16:39.102" endtime="20210514 10:16:39.194"/>
</kw>
<kw name="Wait Until Page Contains Element" library="SeleniumLibrary">
<arg>xpath://*[@id="root"]/div/div/div/div/h2</arg>
<doc>Waits until the element ``locator`` appears on the current page.</doc>
<status status="PASS" starttime="20210514 10:16:39.194" endtime="20210514 10:16:39.423"/>
</kw>
<status status="PASS" starttime="20210514 10:16:39.102" endtime="20210514 10:16:39.423"/>
</kw>
<kw name="Miss Mandatory Answer And Try To Submit">
<kw name="Input Text" library="SeleniumLibrary">
<arg>${INPUT_QUESTION1}</arg>
<arg>Vastaus2.1</arg>
<doc>Types the given ``text`` into the text field identified by ``locator``.</doc>
<msg timestamp="20210514 10:16:39.423" level="INFO">Typing text 'Vastaus2.1' into text field 'xpath://input[@id="outlined-basic"]'.</msg>
<status status="PASS" starttime="20210514 10:16:39.423" endtime="20210514 10:16:39.542"/>
</kw>
<kw name="Click Element" library="SeleniumLibrary">
<arg>${INPUT_QUESTION4}</arg>
<doc>Click the element identified by ``locator``.</doc>
<msg timestamp="20210514 10:16:39.542" level="INFO">Clicking element 'xpath://*[@id="root"]/div/div/div/div/form/fieldset[2]/div/label[1]/span[1]/span[1]'.</msg>
<status status="PASS" starttime="20210514 10:16:39.542" endtime="20210514 10:16:39.586"/>
</kw>
<kw name="Click Element" library="SeleniumLibrary">
<arg>${INPUT_QUESTION6}</arg>
<doc>Click the element identified by ``locator``.</doc>
<msg timestamp="20210514 10:16:39.586" level="INFO">Clicking element 'xpath://*[@id="root"]/div/div/div/div/form/div[4]/fieldset/div/label[1]/span[1]/span[1]'.</msg>
<status status="PASS" starttime="20210514 10:16:39.586" endtime="20210514 10:16:39.638"/>
</kw>
<kw name="Sleep" library="BuiltIn">
<arg>1s</arg>
<doc>Pauses the test executed for the given time.</doc>
<msg timestamp="20210514 10:16:40.652" level="INFO">Slept 1 second</msg>
<status status="PASS" starttime="20210514 10:16:39.638" endtime="20210514 10:16:40.652"/>
</kw>
<kw name="Click Submit Button" library="common_functionalities">
<kw name="Scroll Element Into View" library="SeleniumLibrary">
<arg>${SUBMIT_BUTTON}</arg>
<doc>Scrolls the element identified by ``locator`` into view.</doc>
<status status="PASS" starttime="20210514 10:16:40.652" endtime="20210514 10:16:40.936"/>
</kw>
<kw name="Click Element" library="SeleniumLibrary">
<arg>${SUBMIT_BUTTON}</arg>
<doc>Click the element identified by ``locator``.</doc>
<msg timestamp="20210514 10:16:40.937" level="INFO">Clicking element 'xpath://*[@id="root"]/div/div/div/div/form/button/span[1]'.</msg>
<status status="PASS" starttime="20210514 10:16:40.936" endtime="20210514 10:16:40.989"/>
</kw>
<kw name="Sleep" library="BuiltIn">
<arg>1s</arg>
<doc>Pauses the test executed for the given time.</doc>
<msg timestamp="20210514 10:16:41.998" level="INFO">Slept 1 second</msg>
<status status="PASS" starttime="20210514 10:16:40.989" endtime="20210514 10:16:41.998"/>
</kw>
<status status="PASS" starttime="20210514 10:16:40.652" endtime="20210514 10:16:41.998"/>
</kw>
<kw name="Wait Until Page Contains Element" library="SeleniumLibrary">
<arg>${SUBMISSION_FAILED}</arg>
<doc>Waits until the element ``locator`` appears on the current page.</doc>
<status status="PASS" starttime="20210514 10:16:41.998" endtime="20210514 10:16:42.011"/>
</kw>
<kw name="Click Element" library="SeleniumLibrary">
<arg>${INPUT_QUESTION3}</arg>
<doc>Click the element identified by ``locator``.</doc>
<msg timestamp="20210514 10:16:42.011" level="INFO">Clicking element 'xpath://*[@id="root"]/div/div/div/div/form/fieldset[1]/div/label[1]/span[1]/span[1]'.</msg>
<status status="PASS" starttime="20210514 10:16:42.011" endtime="20210514 10:16:42.061"/>
</kw>
<kw name="Sleep" library="BuiltIn">
<arg>1s</arg>
<doc>Pauses the test executed for the given time.</doc>
<msg timestamp="20210514 10:16:43.072" level="INFO">Slept 1 second</msg>
<status status="PASS" starttime="20210514 10:16:42.061" endtime="20210514 10:16:43.072"/>
</kw>
<kw name="Click Submit Button" library="common_functionalities">
<kw name="Scroll Element Into View" library="SeleniumLibrary">
<arg>${SUBMIT_BUTTON}</arg>
<doc>Scrolls the element identified by ``locator`` into view.</doc>
<status status="PASS" starttime="20210514 10:16:43.072" endtime="20210514 10:16:43.353"/>
</kw>
<kw name="Click Element" library="SeleniumLibrary">
<arg>${SUBMIT_BUTTON}</arg>
<doc>Click the element identified by ``locator``.</doc>
<msg timestamp="20210514 10:16:43.354" level="INFO">Clicking element 'xpath://*[@id="root"]/div/div/div/div/form/button/span[1]'.</msg>
<status status="PASS" starttime="20210514 10:16:43.353" endtime="20210514 10:16:43.381"/>
</kw>
<kw name="Sleep" library="BuiltIn">
<arg>1s</arg>
<doc>Pauses the test executed for the given time.</doc>
<msg timestamp="20210514 10:16:44.392" level="INFO">Slept 1 second</msg>
<status status="PASS" starttime="20210514 10:16:43.381" endtime="20210514 10:16:44.392"/>
</kw>
<status status="PASS" starttime="20210514 10:16:43.072" endtime="20210514 10:16:44.392"/>
</kw>
<kw name="Wait Until Page Contains Element" library="SeleniumLibrary">
<arg>${SUBMISSION_SUCCESS}</arg>
<doc>Waits until the element ``locator`` appears on the current page.</doc>
<status status="PASS" starttime="20210514 10:16:44.392" endtime="20210514 10:16:44.411"/>
</kw>
<status status="PASS" starttime="20210514 10:16:39.423" endtime="20210514 10:16:44.411"/>
</kw>
<kw name="Finish Testcase" library="common_functionalities" type="TEARDOWN">
<kw name="Close Browser" library="SeleniumLibrary">
<doc>Closes the current browser.</doc>
<status status="PASS" starttime="20210514 10:16:44.411" endtime="20210514 10:16:46.682"/>
</kw>
<status status="PASS" starttime="20210514 10:16:44.411" endtime="20210514 10:16:46.682"/>
</kw>
<doc>Answering to questions</doc>
<tag>Functional</tag>
<status status="PASS" starttime="20210514 10:16:30.411" endtime="20210514 10:16:46.682"/>
</test>
<doc>Testing functionality of answering to questions of test questionnaire</doc>
<status status="PASS" starttime="20210514 10:16:30.402" endtime="20210514 10:16:46.682"/>
</suite>
<status status="PASS" starttime="20210514 10:15:56.761" endtime="20210514 10:16:46.692"/>
</suite>
<statistics>
<total>
<stat pass="4" fail="0" skip="0">All Tests</stat>
</total>
<tag>
<stat pass="4" fail="0" skip="0">Functional</stat>
</tag>
<suite>
<stat pass="4" fail="0" skip="0" id="s1" name="Tests">Tests</stat>
<stat pass="1" fail="0" skip="0" id="s1-s1" name="1Creating Questionnaire">Tests.1Creating Questionnaire</stat>
<stat pass="1" fail="0" skip="0" id="s1-s2" name="2Creating Questions For Questionnaire">Tests.2Creating Questions For Questionnaire</stat>
<stat pass="1" fail="0" skip="0" id="s1-s3" name="3Creating Options">Tests.3Creating Options</stat>
<stat pass="1" fail="0" skip="0" id="s1-s4" name="4Answering To Test Questionnaire">Tests.4Answering To Test Questionnaire</stat>
</suite>
</statistics>
<errors>
</errors>
</robot>
